Arguments: 
  /usr/local/Cellar/node@10/10.15.0/bin/node /usr/local/Cellar/yarn/1.13.0/libexec/bin/yarn.js publish --access=public

PATH: 
  /usr/local/opt/node@10/bin:/usr/local/opt/icu4c/sbin:/usr/local/opt/icu4c/bin:/usr/local/opt/llvm/bin:/usr/local/opt/opencv@2/bin:/usr/local/bin:/usr/bin:/bin:/usr/sbin:/sbin:/Volumes/Sierra/Applications/VMware Fusion.app/Contents/Public:/opt/X11/bin:/Applications/Wireshark.app/Contents/MacOS:/usr/local/opt/fzf/bin

Yarn version: 
  1.13.0

Node version: 
  10.15.0

Platform: 
  darwin x64

Trace: 
  Error: canceled
      at Interface.<anonymous> (/usr/local/Cellar/yarn/1.13.0/libexec/lib/cli.js:125657:13)
      at Interface.emit (events.js:182:13)
      at Interface._ttyWrite (readline.js:783:16)
      at ReadStream.onkeypress (readline.js:168:10)
      at ReadStream.emit (events.js:182:13)
      at emitKeys (internal/readline.js:424:14)
      at emitKeys.next (<anonymous>)
      at ReadStream.onData (readline.js:1022:36)
      at ReadStream.emit (events.js:182:13)
      at addChunk (_stream_readable.js:283:12)

npm manifest: 
  {
    "name": "rethinkdb-init",
    "version": "0.0.1",
    "description": "A small tool for creating RethinkDB Databases, Tables and Secondary Indexes if not already present",
    "main": "index.js",
    "author": "Tom Sacher",
    "license": "MIT",
    "private": false,
    "dependencies": {}
  }

yarn manifest: 
  No manifest

Lockfile: 
  # THIS IS AN AUTOGENERATED FILE. DO NOT EDIT THIS FILE DIRECTLY.
  # yarn lockfile v1
